[08/22/2022 14:41:18] Debug: Session id: 5ab7ebe5-a761-4566-b4bd-5ba50f2728b4
[08/22/2022 14:41:18] Debug: Code Processor information: Name :SnowConvert, Version: 7.11.92.0
[08/22/2022 14:41:19] Debug: Getting license
[08/22/2022 14:41:19] Debug: License information
	Status: Failed
	Message: No active license available.
[08/22/2022 14:41:19] Info: Starting to validate parameters
[08/22/2022 14:41:19] Info: Parameters to validate: 
	Execution mode: Conversion
	LICENSE_KEY: a3372138-b87e-4a08-b929-3b48b24c63f1
[08/22/2022 14:41:19] Info: Validation of parameters: Success
[08/22/2022 14:41:19] Debug: Getting code descriptor
[08/22/2022 14:41:19] Debug: Code descriptor information
	Units: 51
	Units type: LOC
	All file bytes: 2141
	All found extensions: .sql,.dml,.ddl,.bteq,.btq,.fl,.fload,.ml,.mload,.mld,.tp,.tpump,.tpt
[08/22/2022 14:41:19] Debug: Calculating fingerprint
[08/22/2022 14:41:19] Debug: Fingerprint information Fingerprint(size=2141,projects=1)
[08/22/2022 14:41:19] Info: Starting to try to validate online license for execution
[08/22/2022 14:41:21] Debug: Getting license
[08/22/2022 14:41:21] Debug: License information
	Status: Failed
	Message: No active license available.
[08/22/2022 14:41:21] Debug: Starting the execution of the controller
[08/22/2022 14:41:22] Debug: Executing the worker: SnowConvert
[08/22/2022 14:41:34] Debug: Finished executing the worker: SnowConvert
[08/22/2022 14:41:36] Info: Controller execution ended
